<?xml version="1.0" encoding="UTF-8"?>
<!-- Generated by org.testng.reporters.JUnitReportReporter -->
<testsuite hostname="L-INE-7VPCQG3" failures="0" tests="2" name="DatabaseTest" time="0.008" errors="0" timestamp="2024-01-18T17:01:05 IST" skipped="0">
  <testcase classname="DatabaseTest" name="deleteEntry" time="0.007"/>
  <testcase classname="DatabaseTest" name="postJira" time="0.001"/>
</testsuite> <!-- DatabaseTest -->
